[ 2025-03-05 05:10:34,871 ] root - INFO - Data tranformation component has started ...
[ 2025-03-05 05:10:34,871 ] root - INFO - Reading data from artifact folder
[ 2025-03-05 05:10:34,919 ] root - INFO - loading data from artifact folder succesfully!
[ 2025-03-05 05:10:34,919 ] root - INFO - Reading schema file from config folder
[ 2025-03-05 05:10:34,921 ] root - INFO - schema file loaded succesfully!
[ 2025-03-05 05:10:34,921 ] root - INFO - Extracting columns from schema file ...
[ 2025-03-05 05:10:34,921 ] root - INFO - Columns from schema file extracted succesfully!
[ 2025-03-05 05:10:34,921 ] root - INFO - Preprocessing train_df and test_df started ...
[ 2025-03-05 05:10:34,922 ] root - INFO - Feature engineering, adding company_age col for tran_df and test_df ...
[ 2025-03-05 05:10:34,923 ] root - INFO - removing unwanted columns ...
[ 2025-03-05 05:10:34,927 ] root - INFO - Removing duplicates from train_df and test_df ...
[ 2025-03-05 05:10:34,936 ] root - INFO - Imputing and scaling numerical columns...
[ 2025-03-05 05:10:34,937 ] root - INFO - Power Transforming numerical columns...
[ 2025-03-05 05:10:34,937 ] root - INFO - Imputing and ordinal encoding ordinal columns...
[ 2025-03-05 05:10:34,937 ] root - INFO - Imputing and one hot encoding one hot columns...
[ 2025-03-05 05:10:34,937 ] root - INFO - Preprocessing pipeline started ...
[ 2025-03-05 05:10:34,972 ] root - INFO - Preprocessor pickle file saved to artifact/data_transformation/preprocessor.pkl
[ 2025-03-05 05:10:34,973 ] root - INFO - Preprocessing train and test pipeline Ended!
[ 2025-03-05 05:10:34,973 ] root - INFO - Applying smote to deal with Imbalanced dataset ...
[ 2025-03-05 05:10:35,211 ] root - INFO - Exporting train_transformed_df and test_transformed_df to artifact ...
[ 2025-03-05 05:10:35,488 ] root - INFO - Preprocessing completed!
