[ 2025-03-05 04:34:36,984 ] root - INFO - Loading model from artifact/model_training/model.pkl.zip...
[ 2025-03-05 04:34:37,501 ] root - INFO - Model loaded and unzipped successfully.
[ 2025-03-05 04:34:37,501 ] root - INFO - Loading preprocessor from artifact/data_transformation/preprocessor.pkl...
[ 2025-03-05 04:34:37,504 ] root - INFO - Preprocessor loaded successfully.
[ 2025-03-05 04:34:37,506 ] root - INFO - Loaded preprocessor transformers: {'numerical': Pipeline(steps=[('imputer', SimpleImputer(strategy='median')),
                ('scaler', StandardScaler())]), 'ordinal': Pipeline(steps=[('imputer', SimpleImputer(strategy='most_frequent')),
                ('ordinal', OrdinalEncoder())]), 'one_hot': Pipeline(steps=[('imputer', SimpleImputer(strategy='most_frequent')),
                ('one_hot', OneHotEncoder(handle_unknown='ignore'))])}
[ 2025-03-05 04:34:37,506 ] root - INFO - Loading raw test data...
[ 2025-03-05 04:34:37,514 ] root - INFO - Raw test data loaded successfully.
[ 2025-03-05 04:34:37,514 ] root - INFO - Reading schema file from config folder
[ 2025-03-05 04:34:37,516 ] root - INFO - schema file loaded succesfully!
[ 2025-03-05 04:34:37,516 ] root - INFO - Extracting dropping columns from schema file ...
[ 2025-03-05 04:34:37,516 ] root - INFO - Columns from schema file extracted succesfully!
[ 2025-03-05 04:34:37,516 ] root - INFO - Preprocessing test data...
[ 2025-03-05 04:34:37,568 ] root - INFO - Test data preprocessing completed successfully.
[ 2025-03-05 04:34:37,568 ] root - INFO - Evaluating model...
[ 2025-03-05 04:34:37,568 ] root - ERROR - Error evaluating model: Error occurred python script name [/Users/mirza/Desktop/mirza7865-USVisa-MLOps-ProductionGrade/us_visa/components/model_evaluation.py] line number [137] error message [The feature names should match those that were passed during fit.
Feature names unseen at fit time:
- continent
- region_of_employment
- unit_of_wage
Feature names seen at fit time, yet now missing:
- continent_Africa
- continent_Asia
- continent_Europe
- continent_North America
- continent_Oceania
- ...
]
[ 2025-03-05 04:34:37,568 ] root - ERROR - Evaluation pipeline failed: Error occurred python script name [/Users/mirza/Desktop/mirza7865-USVisa-MLOps-ProductionGrade/us_visa/components/model_evaluation.py] line number [155] error message [Error occurred python script name [/Users/mirza/Desktop/mirza7865-USVisa-MLOps-ProductionGrade/us_visa/components/model_evaluation.py] line number [137] error message [The feature names should match those that were passed during fit.
Feature names unseen at fit time:
- continent
- region_of_employment
- unit_of_wage
Feature names seen at fit time, yet now missing:
- continent_Africa
- continent_Asia
- continent_Europe
- continent_North America
- continent_Oceania
- ...
]]
