[ 2025-03-05 05:32:39,241 ] root - INFO - Loading object from artifact/data_transformation/preprocessor.pkl
[ 2025-03-05 05:32:39,667 ] root - INFO - Loading object from artifact/model_training/model.pkl.zip
[ 2025-03-05 05:32:40,101 ] root - INFO - Loading schema from config/schema.yaml
[ 2025-03-05 05:32:40,133 ] werkzeug - WARNING -  * Debugger is active!
[ 2025-03-05 05:32:40,142 ] werkzeug - INFO -  * Debugger PIN: 145-691-381
[ 2025-03-05 05:34:03,798 ] werkzeug - INFO - 127.0.0.1 - - [05/Mar/2025 05:34:03] "[33mGET /predict. HTTP/1.1[0m" 404 -
[ 2025-03-05 05:35:30,716 ] root - INFO - Preprocessing input data
[ 2025-03-05 05:35:30,716 ] root - INFO - Loading schema from config/schema.yaml
[ 2025-03-05 05:35:30,721 ] root - INFO - Extracting schema columns
[ 2025-03-05 05:35:30,768 ] root - INFO - Making predictions
[ 2025-03-05 05:35:30,769 ] root - INFO - Loading object from artifact/data_transformation/preprocessor.pkl
[ 2025-03-05 05:35:30,773 ] root - INFO - Loading object from artifact/model_training/model.pkl.zip
[ 2025-03-05 05:35:31,169 ] root - INFO - Preprocessing input data
[ 2025-03-05 05:35:31,170 ] root - INFO - Loading schema from config/schema.yaml
[ 2025-03-05 05:35:31,172 ] root - INFO - Extracting schema columns
[ 2025-03-05 05:35:31,172 ] root - WARNING - yr_of_estab column not found in input data.
[ 2025-03-05 05:35:31,173 ] root - ERROR - Error preprocessing input data: Error occurred python script name [/Users/mirza/Desktop/mirza7865-USVisa-MLOps-ProductionGrade/us_visa/pipline/prediction_pipeline.py] line number [77] error message ["['case_id', 'yr_of_estab'] not found in axis"]
[ 2025-03-05 05:35:31,173 ] root - ERROR - Error making predictions: Error occurred python script name [/Users/mirza/Desktop/mirza7865-USVisa-MLOps-ProductionGrade/us_visa/pipline/prediction_pipeline.py] line number [103] error message [Error occurred python script name [/Users/mirza/Desktop/mirza7865-USVisa-MLOps-ProductionGrade/us_visa/pipline/prediction_pipeline.py] line number [77] error message ["['case_id', 'yr_of_estab'] not found in axis"]]
[ 2025-03-05 05:35:31,183 ] werkzeug - INFO - 127.0.0.1 - - [05/Mar/2025 05:35:31] "[35m[1mPOST /predict HTTP/1.1[0m" 500 -
[ 2025-03-05 05:37:03,206 ] werkzeug - INFO -  * Detected change in '/Users/mirza/Desktop/mirza7865-USVisa-MLOps-ProductionGrade/us_visa/pipline/prediction_pipeline.py', reloading
