[ 2025-03-05 02:11:26,017 ] root - INFO - Data tranformation component has started ...
[ 2025-03-05 02:11:26,017 ] root - INFO - Reading data from artifact folder
[ 2025-03-05 02:11:26,068 ] root - INFO - loading data from artifact folder succesfully!
[ 2025-03-05 02:11:26,068 ] root - INFO - Reading schema file from config folder
[ 2025-03-05 02:11:26,071 ] root - INFO - schema file loaded succesfully!
[ 2025-03-05 02:11:26,071 ] root - INFO - Extracting columns from schema file ...
[ 2025-03-05 02:11:26,071 ] root - INFO - Columns from schema file extracted succesfully!
[ 2025-03-05 02:11:26,071 ] root - INFO - Preprocessing train_df and test_df started ...
[ 2025-03-05 02:11:26,071 ] root - INFO - Feature engineering, adding company_age col for tran_df and test_df ...
[ 2025-03-05 02:11:26,072 ] root - INFO - removing unwanted columns ...
[ 2025-03-05 02:11:26,075 ] root - INFO - Removing duplicates from train_df and test_df ...
[ 2025-03-05 02:11:26,083 ] root - INFO - Imputing and scaling numerical columns...
[ 2025-03-05 02:11:26,083 ] root - INFO - Power Transforming numerical columns...
[ 2025-03-05 02:11:26,083 ] root - INFO - Imputing and ordinal encoding ordinal columns...
[ 2025-03-05 02:11:26,083 ] root - INFO - Imputing and one hot encoding one hot columns...
[ 2025-03-05 02:11:26,083 ] root - INFO - Preprocessing pipeline started ...
[ 2025-03-05 02:11:26,124 ] root - INFO - Preprocessor pickle file saved to artifact/data_transformation/preprocessor.pkl
[ 2025-03-05 02:11:26,124 ] root - INFO - Shape of train_transformed: (20384, 23)
[ 2025-03-05 02:11:26,124 ] root - INFO - Length of transformed_columns: 23
[ 2025-03-05 02:11:26,124 ] root - INFO - First few elements of transformed_columns: ['no_of_employees', 'prevailing_wage', 'company_age', 'has_job_experience', 'requires_job_training']
[ 2025-03-05 02:11:26,124 ] root - INFO - Preprocessing train and test pipeline Ended!
[ 2025-03-05 02:11:26,124 ] root - INFO - Applying smote to deal with Imbalanced dataset ...
[ 2025-03-05 02:11:26,390 ] root - INFO - Exporting train_transformed_df and test_transformed_df to artifact ...
[ 2025-03-05 02:11:26,595 ] root - INFO - Preprocessing completed!
