[ 2025-03-05 05:11:30,071 ] root - INFO - Data tranformation component has started ...
[ 2025-03-05 05:11:30,072 ] root - INFO - Reading data from artifact folder
[ 2025-03-05 05:11:30,117 ] root - INFO - loading data from artifact folder succesfully!
[ 2025-03-05 05:11:30,117 ] root - INFO - Reading schema file from config folder
[ 2025-03-05 05:11:30,120 ] root - INFO - schema file loaded succesfully!
[ 2025-03-05 05:11:30,120 ] root - INFO - Extracting columns from schema file ...
[ 2025-03-05 05:11:30,120 ] root - INFO - Columns from schema file extracted succesfully!
[ 2025-03-05 05:11:30,120 ] root - INFO - Preprocessing train_df and test_df started ...
[ 2025-03-05 05:11:30,120 ] root - INFO - Feature engineering, adding company_age col for tran_df and test_df ...
[ 2025-03-05 05:11:30,121 ] root - INFO - removing unwanted columns ...
[ 2025-03-05 05:11:30,124 ] root - INFO - Removing duplicates from train_df and test_df ...
[ 2025-03-05 05:11:30,134 ] root - INFO - Imputing and scaling numerical columns...
[ 2025-03-05 05:11:30,134 ] root - INFO - Power Transforming numerical columns...
[ 2025-03-05 05:11:30,134 ] root - INFO - Imputing and ordinal encoding ordinal columns...
[ 2025-03-05 05:11:30,134 ] root - INFO - Imputing and one hot encoding one hot columns...
[ 2025-03-05 05:11:30,134 ] root - INFO - Preprocessing pipeline started ...
[ 2025-03-05 05:11:30,177 ] root - INFO - Preprocessor pickle file saved to artifact/data_transformation/preprocessor.pkl
[ 2025-03-05 05:11:30,178 ] root - INFO - Preprocessing train and test pipeline Ended!
[ 2025-03-05 05:11:30,178 ] root - INFO - Applying smote to deal with Imbalanced dataset ...
[ 2025-03-05 05:11:30,430 ] root - INFO - Exporting train_transformed_df and test_transformed_df to artifact ...
[ 2025-03-05 05:11:30,686 ] root - INFO - Preprocessing completed!
