[ 2025-03-05 05:55:27,225 ] root - INFO - Loading object from artifact/data_transformation/preprocessor.pkl
[ 2025-03-05 05:55:27,659 ] root - INFO - Loading object from artifact/model_training/model.pkl.zip
[ 2025-03-05 05:55:28,107 ] root - INFO - Loading schema from config/schema.yaml
[ 2025-03-05 05:55:28,136 ] werkzeug - WARNING -  * Debugger is active!
[ 2025-03-05 05:55:28,145 ] werkzeug - INFO -  * Debugger PIN: 145-691-381
[ 2025-03-05 05:56:41,460 ] werkzeug - INFO - 127.0.0.1 - - [05/Mar/2025 05:56:41] "[31m[1mGET /predict HTTP/1.1[0m" 405 -
[ 2025-03-05 05:57:22,451 ] root - INFO - Preprocessing input data
[ 2025-03-05 05:57:22,452 ] root - INFO - Loading schema from config/schema.yaml
[ 2025-03-05 05:57:22,462 ] root - INFO - Extracting schema columns
[ 2025-03-05 05:57:22,464 ] root - ERROR - Error preprocessing input data: Error occurred python script name [/Users/mirza/Desktop/mirza7865-USVisa-MLOps-ProductionGrade/us_visa/pipline/prediction_pipeline.py] line number [77] error message ["['case_id'] not found in axis"]
[ 2025-03-05 05:57:22,464 ] werkzeug - INFO - 127.0.0.1 - - [05/Mar/2025 05:57:22] "[35m[1mPOST /predict HTTP/1.1[0m" 500 -
[ 2025-03-05 05:59:14,628 ] root - INFO - Preprocessing input data
[ 2025-03-05 05:59:14,628 ] root - INFO - Loading schema from config/schema.yaml
[ 2025-03-05 05:59:14,637 ] root - INFO - Extracting schema columns
[ 2025-03-05 05:59:14,638 ] root - ERROR - Error preprocessing input data: Error occurred python script name [/Users/mirza/Desktop/mirza7865-USVisa-MLOps-ProductionGrade/us_visa/pipline/prediction_pipeline.py] line number [77] error message ["['case_id'] not found in axis"]
[ 2025-03-05 05:59:14,639 ] werkzeug - INFO - 127.0.0.1 - - [05/Mar/2025 05:59:14] "[35m[1mPOST /predict HTTP/1.1[0m" 500 -
[ 2025-03-05 05:59:24,732 ] root - INFO - Preprocessing input data
[ 2025-03-05 05:59:24,732 ] root - INFO - Loading schema from config/schema.yaml
[ 2025-03-05 05:59:24,738 ] root - INFO - Extracting schema columns
[ 2025-03-05 05:59:24,767 ] root - INFO - Making predictions
[ 2025-03-05 05:59:24,767 ] root - INFO - Loading object from artifact/data_transformation/preprocessor.pkl
[ 2025-03-05 05:59:24,770 ] root - INFO - Loading object from artifact/model_training/model.pkl.zip
[ 2025-03-05 05:59:25,171 ] root - INFO - Preprocessing input data
[ 2025-03-05 05:59:25,171 ] root - INFO - Loading schema from config/schema.yaml
[ 2025-03-05 05:59:25,173 ] root - INFO - Extracting schema columns
[ 2025-03-05 05:59:25,174 ] root - WARNING - yr_of_estab column not found in input data.
[ 2025-03-05 05:59:25,174 ] root - ERROR - Error preprocessing input data: Error occurred python script name [/Users/mirza/Desktop/mirza7865-USVisa-MLOps-ProductionGrade/us_visa/pipline/prediction_pipeline.py] line number [77] error message ["['case_id', 'yr_of_estab'] not found in axis"]
[ 2025-03-05 05:59:25,174 ] root - ERROR - Error making predictions: Error occurred python script name [/Users/mirza/Desktop/mirza7865-USVisa-MLOps-ProductionGrade/us_visa/pipline/prediction_pipeline.py] line number [103] error message [Error occurred python script name [/Users/mirza/Desktop/mirza7865-USVisa-MLOps-ProductionGrade/us_visa/pipline/prediction_pipeline.py] line number [77] error message ["['case_id', 'yr_of_estab'] not found in axis"]]
[ 2025-03-05 05:59:25,184 ] werkzeug - INFO - 127.0.0.1 - - [05/Mar/2025 05:59:25] "[35m[1mPOST /predict HTTP/1.1[0m" 500 -
[ 2025-03-05 05:59:57,396 ] werkzeug - INFO -  * Detected change in '/Users/mirza/Desktop/mirza7865-USVisa-MLOps-ProductionGrade/us_visa/pipline/prediction_pipeline.py', reloading
