[ 2025-03-05 05:44:32,507 ] root - INFO - Loading object from artifact/data_transformation/preprocessor.pkl
[ 2025-03-05 05:44:32,975 ] root - INFO - Loading object from artifact/model_training/model.pkl.zip
[ 2025-03-05 05:44:33,422 ] root - INFO - Loading schema from config/schema.yaml
[ 2025-03-05 05:44:33,453 ] werkzeug - WARNING -  * Debugger is active!
[ 2025-03-05 05:44:33,461 ] werkzeug - INFO -  * Debugger PIN: 145-691-381
[ 2025-03-05 05:45:15,180 ] root - INFO - Preprocessing input data
[ 2025-03-05 05:45:15,180 ] root - INFO - Loading schema from config/schema.yaml
[ 2025-03-05 05:45:15,187 ] root - INFO - Extracting schema columns
[ 2025-03-05 05:45:15,191 ] root - ERROR - Error preprocessing input data: Error occurred python script name [/Users/mirza/Desktop/mirza7865-USVisa-MLOps-ProductionGrade/us_visa/pipline/prediction_pipeline.py] line number [77] error message ["['case_id'] not found in axis"]
[ 2025-03-05 05:45:15,192 ] werkzeug - INFO - 127.0.0.1 - - [05/Mar/2025 05:45:15] "[35m[1mPOST /predict HTTP/1.1[0m" 500 -
[ 2025-03-05 05:46:52,351 ] root - INFO - Preprocessing input data
[ 2025-03-05 05:46:52,351 ] root - INFO - Loading schema from config/schema.yaml
[ 2025-03-05 05:46:52,356 ] root - INFO - Extracting schema columns
[ 2025-03-05 05:46:52,396 ] root - INFO - Making predictions
[ 2025-03-05 05:46:52,396 ] root - INFO - Loading object from artifact/data_transformation/preprocessor.pkl
[ 2025-03-05 05:46:52,398 ] root - INFO - Loading object from artifact/model_training/model.pkl.zip
[ 2025-03-05 05:46:52,818 ] root - INFO - Preprocessing input data
[ 2025-03-05 05:46:52,818 ] root - INFO - Loading schema from config/schema.yaml
[ 2025-03-05 05:46:52,820 ] root - INFO - Extracting schema columns
[ 2025-03-05 05:46:52,820 ] root - WARNING - yr_of_estab column not found in input data.
[ 2025-03-05 05:46:52,820 ] root - ERROR - Error preprocessing input data: Error occurred python script name [/Users/mirza/Desktop/mirza7865-USVisa-MLOps-ProductionGrade/us_visa/pipline/prediction_pipeline.py] line number [77] error message ["['yr_of_estab'] not found in axis"]
[ 2025-03-05 05:46:52,820 ] root - ERROR - Error making predictions: Error occurred python script name [/Users/mirza/Desktop/mirza7865-USVisa-MLOps-ProductionGrade/us_visa/pipline/prediction_pipeline.py] line number [103] error message [Error occurred python script name [/Users/mirza/Desktop/mirza7865-USVisa-MLOps-ProductionGrade/us_visa/pipline/prediction_pipeline.py] line number [77] error message ["['yr_of_estab'] not found in axis"]]
[ 2025-03-05 05:46:52,828 ] werkzeug - INFO - 127.0.0.1 - - [05/Mar/2025 05:46:52] "[35m[1mPOST /predict HTTP/1.1[0m" 500 -
[ 2025-03-05 05:47:26,220 ] root - INFO - Preprocessing input data
[ 2025-03-05 05:47:26,220 ] root - INFO - Loading schema from config/schema.yaml
[ 2025-03-05 05:47:26,226 ] root - INFO - Extracting schema columns
[ 2025-03-05 05:47:26,228 ] root - ERROR - Error preprocessing input data: Error occurred python script name [/Users/mirza/Desktop/mirza7865-USVisa-MLOps-ProductionGrade/us_visa/pipline/prediction_pipeline.py] line number [77] error message [Need to specify at least one of 'labels', 'index' or 'columns']
[ 2025-03-05 05:47:26,228 ] werkzeug - INFO - 127.0.0.1 - - [05/Mar/2025 05:47:26] "[35m[1mPOST /predict HTTP/1.1[0m" 500 -
[ 2025-03-05 05:49:45,459 ] root - INFO - Preprocessing input data
[ 2025-03-05 05:49:45,460 ] root - INFO - Loading schema from config/schema.yaml
[ 2025-03-05 05:49:45,463 ] root - INFO - Extracting schema columns
[ 2025-03-05 05:49:45,486 ] root - INFO - Making predictions
[ 2025-03-05 05:49:45,486 ] root - INFO - Loading object from artifact/data_transformation/preprocessor.pkl
[ 2025-03-05 05:49:45,489 ] root - INFO - Loading object from artifact/model_training/model.pkl.zip
[ 2025-03-05 05:49:45,954 ] root - INFO - Preprocessing input data
[ 2025-03-05 05:49:45,954 ] root - INFO - Loading schema from config/schema.yaml
[ 2025-03-05 05:49:45,957 ] root - INFO - Extracting schema columns
[ 2025-03-05 05:49:45,957 ] root - WARNING - yr_of_estab column not found in input data.
[ 2025-03-05 05:49:45,957 ] root - ERROR - Error preprocessing input data: Error occurred python script name [/Users/mirza/Desktop/mirza7865-USVisa-MLOps-ProductionGrade/us_visa/pipline/prediction_pipeline.py] line number [77] error message ["['case_id', 'yr_of_estab'] not found in axis"]
[ 2025-03-05 05:49:45,957 ] root - ERROR - Error making predictions: Error occurred python script name [/Users/mirza/Desktop/mirza7865-USVisa-MLOps-ProductionGrade/us_visa/pipline/prediction_pipeline.py] line number [103] error message [Error occurred python script name [/Users/mirza/Desktop/mirza7865-USVisa-MLOps-ProductionGrade/us_visa/pipline/prediction_pipeline.py] line number [77] error message ["['case_id', 'yr_of_estab'] not found in axis"]]
[ 2025-03-05 05:49:45,977 ] werkzeug - INFO - 127.0.0.1 - - [05/Mar/2025 05:49:45] "[35m[1mPOST /predict HTTP/1.1[0m" 500 -
[ 2025-03-05 05:53:24,392 ] werkzeug - INFO -  * Detected change in '/Users/mirza/Desktop/mirza7865-USVisa-MLOps-ProductionGrade/app.py', reloading
